c:\users\faoll\source\repos\steganographie\steganographie\x64\debug\steganographie.vcxproj.cppwinrt_comp.cache
c:\users\faoll\source\repos\steganographie\steganographie\x64\debug\steganographie.vcxproj.cppwinrt_plat.cache
c:\users\faoll\source\repos\steganographie\steganographie\x64\debug\steganographie.vcxproj.mdmergeinputs.cache
c:\users\faoll\source\repos\steganographie\steganographie\x64\debug\button.obj
c:\users\faoll\source\repos\steganographie\steganographie\x64\debug\convertstringtobin.obj
c:\users\faoll\source\repos\steganographie\steganographie\x64\debug\hidedata.obj
c:\users\faoll\source\repos\steganographie\steganographie\x64\debug\inputtext.obj
c:\users\faoll\source\repos\steganographie\steganographie\x64\debug\load.obj
c:\users\faoll\source\repos\steganographie\steganographie\x64\debug\openfileexplorer.obj
c:\users\faoll\source\repos\steganographie\steganographie\x64\debug\read.obj
c:\users\faoll\source\repos\steganographie\steganographie\x64\debug\retrievedata.obj
c:\users\faoll\source\repos\steganographie\steganographie\x64\debug\save.obj
c:\users\faoll\source\repos\steganographie\steganographie\x64\debug\steganographie.obj
c:\users\faoll\source\repos\steganographie\steganographie\x64\debug\struct.obj
c:\users\faoll\source\repos\steganographie\steganographie\x64\debug\write.obj
c:\users\faoll\source\repos\steganographie\steganographie\x64\debug\steganographie.vcxproj.cppwinrt_comp.rsp
c:\users\faoll\source\repos\steganographie\steganographie\x64\debug\steganographie.vcxproj.cppwinrt_plat.rsp
c:\users\faoll\source\repos\steganographie\steganographie\x64\debug\steganographie.vcxproj.mdmerge.rsp
c:\users\faoll\source\repos\steganographie\steganographie\x64\debug\steganographie.vcxproj.midlrt.rsp
c:\users\faoll\source\repos\steganographie\steganographie\x64\debug\vc143.idb
c:\users\faoll\source\repos\steganographie\steganographie\x64\debug\vc143.pdb
c:\users\faoll\source\repos\steganographie\steganographie\x64\debug\steganographie.tlog\cl.command.1.tlog
